[pixfort.website/themeforest/landing/flatpack/23_car_rental/23_car_rental.html]
[backblue.gif]
[fade.gif]
[index.html]
[pixfort.website/themeforest/landing/flatpack/23_car_rental/stylesheets/menu.css]
[pixfort.website/themeforest/landing/flatpack/23_car_rental/stylesheets/flat-ui-slider.css]
[pixfort.website/themeforest/landing/flatpack/23_car_rental/stylesheets/base.css]
[pixfort.website/themeforest/landing/flatpack/23_car_rental/stylesheets/skeleton.css]
[pixfort.website/themeforest/landing/flatpack/23_car_rental/stylesheets/landings.css]
[pixfort.website/themeforest/landing/flatpack/23_car_rental/stylesheets/main.css]
[pixfort.website/themeforest/landing/flatpack/23_car_rental/stylesheets/landings_layouts.css]
[pixfort.website/themeforest/landing/flatpack/23_car_rental/stylesheets/box.css]
[pixfort.website/themeforest/landing/flatpack/23_car_rental/stylesheets/pixicon.css]
[pixfort.website/themeforest/landing/flatpack/23_car_rental/images/favicon.ico]
[pixfort.website/themeforest/landing/flatpack/23_car_rental/images/main/logo-dark.png]
[pixfort.website/themeforest/landing/flatpack/23_car_rental/images/main/intro-car.jpg]
[pixfort.website/themeforest/landing/flatpack/23_car_rental/images/main/logos/bigcommerce.png]
[pixfort.website/themeforest/landing/flatpack/23_car_rental/images/main/logos/foursquare.png]
[pixfort.website/themeforest/landing/flatpack/23_car_rental/images/main/logos/squarespace.png]
[pixfort.website/themeforest/landing/flatpack/23_car_rental/images/main/car1.png]
[pixfort.website/themeforest/landing/flatpack/23_car_rental/images/main/car2.png]
[pixfort.website/themeforest/landing/flatpack/23_car_rental/images/main/car3.png]
[pixfort.website/themeforest/landing/flatpack/23_car_rental/images/main/t3.png]
[pixfort.website/themeforest/landing/flatpack/23_car_rental/images/main/t2.png]
[pixfort.website/themeforest/landing/flatpack/23_car_rental/images/main/footer-logo-3.png]
[pixfort.website/themeforest/landing/flatpack/23_car_rental/js-files/jquery.easing.1.3.js]
[pixfort.website/themeforest/landing/flatpack/23_car_rental/js-files/jquery.ui.touch-punch.min.js]
[pixfort.website/themeforest/landing/flatpack/23_car_rental/js-files/ticker.js]
[pixfort.website/themeforest/landing/flatpack/23_car_rental/js-files/jquery.common.min.js]
[pixfort.website/themeforest/landing/flatpack/23_car_rental/js-files/bootstrap-switch.js]
[pixfort.website/themeforest/landing/flatpack/23_car_rental/js-files/bootstrap.min.js]
[pixfort.website/themeforest/landing/flatpack/23_car_rental/assets/js/appear.min.js]
[pixfort.website/themeforest/landing/flatpack/23_car_rental/js/jquery-1.8.3.min.js]
[pixfort.website/themeforest/landing/flatpack/23_car_rental/js-files/custom1.js]
[pixfort.website/themeforest/landing/flatpack/23_car_rental/js-files/custom3.js]
[pixfort.website/themeforest/landing/flatpack/23_car_rental/assets/js/smoothscroll.min.js]
[pixfort.website/themeforest/landing/flatpack/23_car_rental/23_car_rental.html]
[pixfort.website/themeforest/landing/flatpack/23_car_rental/fonts/Flat-UI-Icons.eot]
[pixfort.website/themeforest/landing/flatpack/23_car_rental/fonts/Flat-UI-Icons.woff]
[pixfort.website/themeforest/landing/flatpack/23_car_rental/fonts/Flat-UI-Iconsd41d.eot]
[pixfort.website/themeforest/landing/flatpack/23_car_rental/fonts/Flat-UI-Icons.ttf]
[pixfort.website/themeforest/landing/flatpack/23_car_rental/stylesheets/menu.css]
[pixfort.website/themeforest/landing/flatpack/23_car_rental/fonts/lato/lato-black-webfont.eot]
[pixfort.website/themeforest/landing/flatpack/23_car_rental/fonts/lato/lato-black-webfont.woff]
[pixfort.website/themeforest/landing/flatpack/23_car_rental/fonts/lato/lato-black-webfontd41d.eot]
[pixfort.website/themeforest/landing/flatpack/23_car_rental/fonts/lato/lato-black-webfont.ttf]
[pixfort.website/themeforest/landing/flatpack/23_car_rental/fonts/lato/lato-bold-webfont.eot]
[pixfort.website/themeforest/landing/flatpack/23_car_rental/fonts/lato/lato-bold-webfont.woff]
[pixfort.website/themeforest/landing/flatpack/23_car_rental/fonts/lato/lato-bold-webfontd41d.eot]
[pixfort.website/themeforest/landing/flatpack/23_car_rental/fonts/lato/lato-bold-webfont.ttf]
[pixfort.website/themeforest/landing/flatpack/23_car_rental/fonts/lato/lato-bolditalic-webfont.eot]
[pixfort.website/themeforest/landing/flatpack/23_car_rental/fonts/lato/lato-bolditalic-webfontd41d.eot]
[pixfort.website/themeforest/landing/flatpack/23_car_rental/fonts/lato/lato-bolditalic-webfont.woff]
[pixfort.website/themeforest/landing/flatpack/23_car_rental/fonts/lato/lato-bolditalic-webfont.ttf]
[pixfort.website/themeforest/landing/flatpack/23_car_rental/fonts/lato/lato-italic-webfont.eot]
[pixfort.website/themeforest/landing/flatpack/23_car_rental/fonts/lato/lato-italic-webfontd41d.eot]
[pixfort.website/themeforest/landing/flatpack/23_car_rental/fonts/lato/lato-italic-webfont.woff]
[pixfort.website/themeforest/landing/flatpack/23_car_rental/fonts/lato/lato-italic-webfont.ttf]
[pixfort.website/themeforest/landing/flatpack/23_car_rental/fonts/lato/lato-light-webfont.eot]
[pixfort.website/themeforest/landing/flatpack/23_car_rental/fonts/lato/lato-light-webfontd41d.eot]
[pixfort.website/themeforest/landing/flatpack/23_car_rental/fonts/lato/lato-light-webfont.woff]
[pixfort.website/themeforest/landing/flatpack/23_car_rental/fonts/lato/lato-light-webfont.ttf]
[pixfort.website/themeforest/landing/flatpack/23_car_rental/fonts/lato/lato-regular-webfont.eot]
[pixfort.website/themeforest/landing/flatpack/23_car_rental/fonts/lato/lato-regular-webfont.woff]
[pixfort.website/themeforest/landing/flatpack/23_car_rental/fonts/lato/lato-regular-webfontd41d.eot]
[pixfort.website/themeforest/landing/flatpack/23_car_rental/fonts/lato/lato-regular-webfont.ttf]
[pixfort.website/themeforest/landing/flatpack/23_car_rental/stylesheets/flat-ui-slider.css]
[pixfort.website/themeforest/landing/flatpack/23_car_rental/stylesheets/base.css]
[pixfort.website/themeforest/landing/flatpack/23_car_rental/stylesheets/skeleton.css]
[pixfort.website/themeforest/landing/flatpack/23_car_rental/stylesheets/landings.css]
[pixfort.website/themeforest/landing/flatpack/23_car_rental/images/main/cta-bg.jpg]
[pixfort.website/themeforest/landing/flatpack/23_car_rental/images/main/hl-6.jpg]
[pixfort.website/themeforest/landing/flatpack/23_car_rental/images/main/hl-7.jpg]
[pixfort.website/themeforest/landing/flatpack/23_car_rental/images/main/bg-hl-new.jpg]
[pixfort.website/themeforest/landing/flatpack/23_car_rental/images/main/newsletter-pattern.png]
[pixfort.website/themeforest/landing/flatpack/23_car_rental/images/main/pattern.png]
[pixfort.website/themeforest/landing/flatpack/23_car_rental/images/main/image-intro.jpg]
[pixfort.website/themeforest/landing/flatpack/23_car_rental/stylesheets/main.css]
[pixfort.website/themeforest/landing/flatpack/23_car_rental/stylesheets/landings_layouts.css]
[pixfort.website/themeforest/landing/flatpack/23_car_rental/stylesheets/img/sprite.png]
[pixfort.website/themeforest/landing/flatpack/23_car_rental/stylesheets/img/loading.gif]
[pixfort.website/themeforest/landing/flatpack/23_car_rental/stylesheets/img/X.png]
[pixfort.website/themeforest/landing/flatpack/23_car_rental/stylesheets/box.css]
[pixfort.website/themeforest/landing/flatpack/23_car_rental/fonts/flatpacke52c.eot]
[pixfort.website/themeforest/landing/flatpack/23_car_rental/fonts/flatpackd41d.eot]
[pixfort.website/themeforest/landing/flatpack/23_car_rental/fonts/flatpacke52c.woff]
[pixfort.website/themeforest/landing/flatpack/23_car_rental/fonts/flatpacke52c.ttf]
[pixfort.website/themeforest/landing/flatpack/23_car_rental/stylesheets/pixicon.css]
[pixfort.website/themeforest/landing/flatpack/23_car_rental/images/apple-touch-icon.html]
[pixfort.website/themeforest/landing/flatpack/23_car_rental/images/apple-touch-icon-72x72.html]
[pixfort.website/themeforest/landing/flatpack/23_car_rental/images/apple-touch-icon-114x114.html]
[pixfort.website/themeforest/landing/flatpack/23_car_rental/fonts/Flat-UI-Icons.svg]
[pixfort.website/themeforest/landing/flatpack/23_car_rental/fonts/lato/lato-black-webfont.svg]
[pixfort.website/themeforest/landing/flatpack/23_car_rental/fonts/lato/lato-bold-webfont.svg]
[pixfort.website/themeforest/landing/flatpack/23_car_rental/fonts/lato/lato-bolditalic-webfont.svg]
[pixfort.website/themeforest/landing/flatpack/23_car_rental/fonts/lato/lato-italic-webfont.svg]
[pixfort.website/themeforest/landing/flatpack/23_car_rental/fonts/lato/lato-light-webfont.svg]
[pixfort.website/themeforest/landing/flatpack/23_car_rental/fonts/lato/lato-regular-webfont.svg]
[pixfort.website/themeforest/landing/flatpack/23_car_rental/images/social_icons/yt.html]
[pixfort.website/themeforest/landing/flatpack/23_car_rental/images/social_icons/youtube-hover.html]
[pixfort.website/themeforest/landing/flatpack/23_car_rental/images/social_icons/twitter.html]
[pixfort.website/themeforest/landing/flatpack/23_car_rental/images/social_icons/twitter-hover.html]
[pixfort.website/themeforest/landing/flatpack/23_car_rental/images/social_icons/facebook.html]
[pixfort.website/themeforest/landing/flatpack/23_car_rental/images/social_icons/facebook-hover.html]
[pixfort.website/themeforest/landing/flatpack/23_car_rental/images/1_normal/home-bg.html]
[pixfort.website/themeforest/landing/flatpack/23_car_rental/images/2_corporate/bg.html]
[pixfort.website/themeforest/landing/flatpack/23_car_rental/images/2_corporate/map.html]
[pixfort.website/themeforest/landing/flatpack/23_car_rental/images/2_corporate/bg2.html]
[pixfort.website/themeforest/landing/flatpack/23_car_rental/images/3_app/bg.html]
[pixfort.website/themeforest/landing/flatpack/23_car_rental/images/Social_icons/yt-2.html]
[pixfort.website/themeforest/landing/flatpack/23_car_rental/images/Social_icons/youtube-hover-2.html]
[pixfort.website/themeforest/landing/flatpack/23_car_rental/images/Social_icons/twitter-2.html]
[pixfort.website/themeforest/landing/flatpack/23_car_rental/images/Social_icons/twitter-hover-2.html]
[pixfort.website/themeforest/landing/flatpack/23_car_rental/images/Social_icons/facebook-2.html]
[pixfort.website/themeforest/landing/flatpack/23_car_rental/images/Social_icons/facebook-hover-2.html]
[pixfort.website/themeforest/landing/flatpack/23_car_rental/images/4_real_estate/bg.html]
[pixfort.website/themeforest/landing/flatpack/23_car_rental/images/5_hotel/Bg.html]
[pixfort.website/themeforest/landing/flatpack/23_car_rental/images/6_university/bg.html]
[pixfort.website/themeforest/landing/flatpack/23_car_rental/images/7_shop_products/bg.html]
[pixfort.website/themeforest/landing/flatpack/23_car_rental/images/7_shop_products/1.html]
[pixfort.website/themeforest/landing/flatpack/23_car_rental/images/7_shop_products/2.html]
[pixfort.website/themeforest/landing/flatpack/23_car_rental/images/7_shop_products/3.html]
[pixfort.website/themeforest/landing/flatpack/23_car_rental/images/8_ecourse/bg.html]
[pixfort.website/themeforest/landing/flatpack/23_car_rental/images/8_ecourse/1.html]
[pixfort.website/themeforest/landing/flatpack/23_car_rental/images/8_ecourse/2.html]
[pixfort.website/themeforest/landing/flatpack/23_car_rental/images/8_ecourse/3.html]
[pixfort.website/themeforest/landing/flatpack/23_car_rental/images/9_ebook/bg.html]
[pixfort.website/themeforest/landing/flatpack/23_car_rental/images/10_business/bg.html]
[pixfort.website/themeforest/landing/flatpack/23_car_rental/images/13_gym/bg.html]
[pixfort.website/themeforest/landing/flatpack/23_car_rental/images/14_agency/bg.html]
[pixfort.website/themeforest/landing/flatpack/23_car_rental/images/15_party/bg.html]
[pixfort.website/themeforest/landing/flatpack/23_car_rental/images/19_new_subscribe/pattern-subscribe.html]
[demosthenes.info/assets/images/polina.html]
[pixfort.website/themeforest/landing/flatpack/23_car_rental/images/16_medical/bg2.html]
[pixfort.website/themeforest/landing/flatpack/23_car_rental/images/16_medical/img2.html]
[pixfort.website/themeforest/landing/flatpack/23_car_rental/images/18_elegant/Hero-Header.html]
[pixfort.website/themeforest/landing/flatpack/23_car_rental/images/20_construction/construction-work-building-bg.html]
[pixfort.website/themeforest/landing/flatpack/23_car_rental/images/20_construction/bg1.html]
[pixfort.website/themeforest/landing/flatpack/23_car_rental/fonts/flatpacke52c.svg]
